{"C:\\Users\\willk\\Desktop\\Bootcamp - IGTI\\Trabalhos_BootCamp_IGTI_NodeJs\\modulo4\\praticas-tdd-xp\\src\\calculateValue.js": {"path":"C:\\Users\\willk\\Desktop\\Bootcamp - IGTI\\Trabalhos_BootCamp_IGTI_NodeJs\\modulo4\\praticas-tdd-xp\\src\\calculateValue.js","statementMap":{"0":{"start":{"line":2,"column":19},"end":{"line":2,"column":61}},"1":{"start":{"line":4,"column":4},"end":{"line":4,"column":18}},"2":{"start":{"line":8,"column":24},"end":{"line":8,"column":42}},"3":{"start":{"line":10,"column":4},"end":{"line":10,"column":23}},"4":{"start":{"line":14,"column":28},"end":{"line":14,"column":63}},"5":{"start":{"line":16,"column":19},"end":{"line":16,"column":60}},"6":{"start":{"line":18,"column":4},"end":{"line":18,"column":18}},"7":{"start":{"line":21,"column":0},"end":{"line":21,"column":73}}},"fnMap":{"0":{"name":"calculateAmount","decl":{"start":{"line":1,"column":9},"end":{"line":1,"column":24}},"loc":{"start":{"line":1,"column":48},"end":{"line":5,"column":1}},"line":1},"1":{"name":"roundFunction","decl":{"start":{"line":7,"column":9},"end":{"line":7,"column":22}},"loc":{"start":{"line":7,"column":31},"end":{"line":11,"column":1}},"line":7},"2":{"name":"calculateInstallments","decl":{"start":{"line":13,"column":9},"end":{"line":13,"column":30}},"loc":{"start":{"line":13,"column":52},"end":{"line":19,"column":1}},"line":13}},"branchMap":{},"s":{"0":1,"1":1,"2":3,"3":3,"4":2,"5":2,"6":2,"7":1},"f":{"0":1,"1":3,"2":2},"b":{},"_coverageSchema":"1a1c01bbd47fc00a2c39e90264f33305004495a9","hash":"06634eff8ecdb2bd8c6d3bd614e7cc2265ee0459"}
}
